C:\Program Files (x86)\Microsoft Visual Studio\2019\Community\MSBuild\Microsoft\VC\v160\Microsoft.CppBuild.targets(513,5): warning MSB8028: The intermediate directory (x64\Debug\) contains files shared from another project (YoutubeOpenGL.vcxproj).  This can lead to incorrect clean and rebuild behavior.
  Camera.cpp
  EBO.cpp
  Main.cpp
  Mesh.cpp
D:\Temp\opengl-tutorials-main\YoutubeOpenGL 17 - Transparency & Blending\Mesh.cpp(80,65): warning C4267: 'argument': conversion from 'size_t' to 'GLsizei', possible loss of data
  Model.cpp
D:\Temp\opengl-tutorials-main\YoutubeOpenGL 17 - Transparency & Blending\Model.cpp(262,94): warning C4267: 'argument': conversion from 'size_t' to 'GLuint', possible loss of data
D:\Temp\opengl-tutorials-main\YoutubeOpenGL 17 - Transparency & Blending\Model.cpp(270,96): warning C4267: 'argument': conversion from 'size_t' to 'GLuint', possible loss of data
  shaderClass.cpp
  stb.cpp
  Texture.cpp
  VAO.cpp
D:\Temp\opengl-tutorials-main\YoutubeOpenGL 17 - Transparency & Blending\VAO.cpp(13,63): warning C4244: 'argument': conversion from 'GLsizeiptr' to 'GLsizei', possible loss of data
  VBO.cpp
  Generating Code...
  glad.c
glfw3.lib(context.obj) : warning LNK4099: PDB 'glfw.pdb' was not found with 'glfw3.lib(context.obj)' or at 'D:\Temp\opengl-tutorials-main\YoutubeOpenGL 17 - Transparency & Blending\x64\Debug\glfw.pdb'; linking object as if no debug info
glfw3.lib(init.obj) : warning LNK4099: PDB 'glfw.pdb' was not found with 'glfw3.lib(init.obj)' or at 'D:\Temp\opengl-tutorials-main\YoutubeOpenGL 17 - Transparency & Blending\x64\Debug\glfw.pdb'; linking object as if no debug info
glfw3.lib(input.obj) : warning LNK4099: PDB 'glfw.pdb' was not found with 'glfw3.lib(input.obj)' or at 'D:\Temp\opengl-tutorials-main\YoutubeOpenGL 17 - Transparency & Blending\x64\Debug\glfw.pdb'; linking object as if no debug info
glfw3.lib(monitor.obj) : warning LNK4099: PDB 'glfw.pdb' was not found with 'glfw3.lib(monitor.obj)' or at 'D:\Temp\opengl-tutorials-main\YoutubeOpenGL 17 - Transparency & Blending\x64\Debug\glfw.pdb'; linking object as if no debug info
glfw3.lib(vulkan.obj) : warning LNK4099: PDB 'glfw.pdb' was not found with 'glfw3.lib(vulkan.obj)' or at 'D:\Temp\opengl-tutorials-main\YoutubeOpenGL 17 - Transparency & Blending\x64\Debug\glfw.pdb'; linking object as if no debug info
glfw3.lib(window.obj) : warning LNK4099: PDB 'glfw.pdb' was not found with 'glfw3.lib(window.obj)' or at 'D:\Temp\opengl-tutorials-main\YoutubeOpenGL 17 - Transparency & Blending\x64\Debug\glfw.pdb'; linking object as if no debug info
glfw3.lib(win32_init.obj) : warning LNK4099: PDB 'glfw.pdb' was not found with 'glfw3.lib(win32_init.obj)' or at 'D:\Temp\opengl-tutorials-main\YoutubeOpenGL 17 - Transparency & Blending\x64\Debug\glfw.pdb'; linking object as if no debug info
glfw3.lib(win32_joystick.obj) : warning LNK4099: PDB 'glfw.pdb' was not found with 'glfw3.lib(win32_joystick.obj)' or at 'D:\Temp\opengl-tutorials-main\YoutubeOpenGL 17 - Transparency & Blending\x64\Debug\glfw.pdb'; linking object as if no debug info
glfw3.lib(win32_monitor.obj) : warning LNK4099: PDB 'glfw.pdb' was not found with 'glfw3.lib(win32_monitor.obj)' or at 'D:\Temp\opengl-tutorials-main\YoutubeOpenGL 17 - Transparency & Blending\x64\Debug\glfw.pdb'; linking object as if no debug info
glfw3.lib(win32_time.obj) : warning LNK4099: PDB 'glfw.pdb' was not found with 'glfw3.lib(win32_time.obj)' or at 'D:\Temp\opengl-tutorials-main\YoutubeOpenGL 17 - Transparency & Blending\x64\Debug\glfw.pdb'; linking object as if no debug info
glfw3.lib(win32_thread.obj) : warning LNK4099: PDB 'glfw.pdb' was not found with 'glfw3.lib(win32_thread.obj)' or at 'D:\Temp\opengl-tutorials-main\YoutubeOpenGL 17 - Transparency & Blending\x64\Debug\glfw.pdb'; linking object as if no debug info
glfw3.lib(win32_window.obj) : warning LNK4099: PDB '' was not found with 'glfw3.lib(win32_window.obj)' or at ''; linking object as if no debug info
glfw3.lib(wgl_context.obj) : warning LNK4099: PDB 'glfw.pdb' was not found with 'glfw3.lib(wgl_context.obj)' or at 'D:\Temp\opengl-tutorials-main\YoutubeOpenGL 17 - Transparency & Blending\x64\Debug\glfw.pdb'; linking object as if no debug info
glfw3.lib(egl_context.obj) : warning LNK4099: PDB 'glfw.pdb' was not found with 'glfw3.lib(egl_context.obj)' or at 'D:\Temp\opengl-tutorials-main\YoutubeOpenGL 17 - Transparency & Blending\x64\Debug\glfw.pdb'; linking object as if no debug info
glfw3.lib(osmesa_context.obj) : warning LNK4099: PDB 'glfw.pdb' was not found with 'glfw3.lib(osmesa_context.obj)' or at 'D:\Temp\opengl-tutorials-main\YoutubeOpenGL 17 - Transparency & Blending\x64\Debug\glfw.pdb'; linking object as if no debug info
  YoutubeOpenGL.vcxproj -> D:\Temp\opengl-tutorials-main\YoutubeOpenGL 17 - Transparency & Blending\x64\Debug\OpenGL1.exe
